{
  "uid" : "56278cf077432fe7",
  "name" : "test_t_case009",
  "fullName" : "test_proj.test_index_3#test_t_case009",
  "historyId" : "11cfb2accc31c8646756c1ed9e0fff89",
  "time" : {
    "start" : 1627302156281,
    "stop" : 1627302372112,
    "duration" : 215831
  },
  "status" : "failed",
  "statusMessage" : "AssertionError: assert 23 == 10\n +  where 23 = <module 'test_tcA009' from '/home/runner/work/conduit/conduit/test_proj/test_tcA009.py'>.pages_blog_num",
  "statusTrace" : "def test_t_case009():\n        time.sleep(5)\n        import test_tcA009 as tc09\n>       assert tc09.pages_blog_num == 10\nE       AssertionError: assert 23 == 10\nE        +  where 23 = <module 'test_tcA009' from '/home/runner/work/conduit/conduit/test_proj/test_tcA009.py'>.pages_blog_num\n\ntest_proj/test_index_3.py:103: AssertionError",
  "flaky" : false,
  "newFailed" : false,
  "beforeStages" : [ ],
  "testStage" : {
    "status" : "failed",
    "statusMessage" : "AssertionError: assert 23 == 10\n +  where 23 = <module 'test_tcA009' from '/home/runner/work/conduit/conduit/test_proj/test_tcA009.py'>.pages_blog_num",
    "statusTrace" : "def test_t_case009():\n        time.sleep(5)\n        import test_tcA009 as tc09\n>       assert tc09.pages_blog_num == 10\nE       AssertionError: assert 23 == 10\nE        +  where 23 = <module 'test_tcA009' from '/home/runner/work/conduit/conduit/test_proj/test_tcA009.py'>.pages_blog_num\n\ntest_proj/test_index_3.py:103: AssertionError",
    "steps" : [ ],
    "attachments" : [ {
      "uid" : "a20e70b078fc6375",
      "name" : "log",
      "source" : "a20e70b078fc6375.txt",
      "type" : "text/plain",
      "size" : 344
    }, {
      "uid" : "8f07293664f76df1",
      "name" : "stdout",
      "source" : "8f07293664f76df1.txt",
      "type" : "text/plain",
      "size" : 2028
    }, {
      "uid" : "ea3ed96973ae1533",
      "name" : "stderr",
      "source" : "ea3ed96973ae1533.txt",
      "type" : "text/plain",
      "size" : 215
    } ],
    "parameters" : [ ],
    "stepsCount" : 0,
    "attachmentsCount" : 3,
    "shouldDisplayMessage" : true,
    "hasContent" : true
  },
  "afterStages" : [ ],
  "labels" : [ {
    "name" : "parentSuite",
    "value" : "test_proj"
  }, {
    "name" : "suite",
    "value" : "test_index_3"
  }, {
    "name" : "host",
    "value" : "fv-az74-824"
  }, {
    "name" : "thread",
    "value" : "3675-MainThread"
  }, {
    "name" : "framework",
    "value" : "pytest"
  }, {
    "name" : "language",
    "value" : "cpython3"
  }, {
    "name" : "package",
    "value" : "test_proj.test_index_3"
  }, {
    "name" : "resultFormat",
    "value" : "allure2"
  } ],
  "parameters" : [ ],
  "links" : [ ],
  "hidden" : false,
  "retry" : false,
  "extra" : {
    "severity" : "normal",
    "retries" : [ ],
    "categories" : [ {
      "name" : "Product defects",
      "matchedStatuses" : [ ],
      "flaky" : false
    } ],
    "tags" : [ ]
  },
  "source" : "56278cf077432fe7.json",
  "parameterValues" : [ ]
}