{
  "uid" : "3814e8dcf585b81f",
  "name" : "test_t_case010",
  "fullName" : "test_proj.test_index_3#test_t_case010",
  "historyId" : "3dedc6fadb71433904eae3ff70179e10",
  "time" : {
    "start" : 1627313250007,
    "stop" : 1627313367437,
    "duration" : 117430
  },
  "status" : "failed",
  "statusMessage" : "AssertionError: assert ['OK', 'FAIL'..., 'FAIL', ...] == ['OK', 'FAIL'..., 'FAIL', ...]\n  At index 2 diff: 'FAIL' != 'OK'\n  Use -v to get the full diff",
  "statusTrace" : "def test_t_case010():\n        time.sleep(5)\n        import test_tcA010 as tc10\n>       assert tc10.expect_valid == tc10.sign_up_valid_list\nE       AssertionError: assert ['OK', 'FAIL'..., 'FAIL', ...] == ['OK', 'FAIL'..., 'FAIL', ...]\nE         At index 2 diff: 'FAIL' != 'OK'\nE         Use -v to get the full diff\n\ntest_proj/test_index_3.py:111: AssertionError",
  "flaky" : false,
  "newFailed" : false,
  "beforeStages" : [ ],
  "testStage" : {
    "status" : "failed",
    "statusMessage" : "AssertionError: assert ['OK', 'FAIL'..., 'FAIL', ...] == ['OK', 'FAIL'..., 'FAIL', ...]\n  At index 2 diff: 'FAIL' != 'OK'\n  Use -v to get the full diff",
    "statusTrace" : "def test_t_case010():\n        time.sleep(5)\n        import test_tcA010 as tc10\n>       assert tc10.expect_valid == tc10.sign_up_valid_list\nE       AssertionError: assert ['OK', 'FAIL'..., 'FAIL', ...] == ['OK', 'FAIL'..., 'FAIL', ...]\nE         At index 2 diff: 'FAIL' != 'OK'\nE         Use -v to get the full diff\n\ntest_proj/test_index_3.py:111: AssertionError",
    "steps" : [ ],
    "attachments" : [ {
      "uid" : "55fe9c9577087692",
      "name" : "log",
      "source" : "55fe9c9577087692.txt",
      "type" : "text/plain",
      "size" : 344
    }, {
      "uid" : "af5e3a08a4a28f64",
      "name" : "stdout",
      "source" : "af5e3a08a4a28f64.txt",
      "type" : "text/plain",
      "size" : 2106
    }, {
      "uid" : "324adbc4982d2257",
      "name" : "stderr",
      "source" : "324adbc4982d2257.txt",
      "type" : "text/plain",
      "size" : 215
    } ],
    "parameters" : [ ],
    "stepsCount" : 0,
    "attachmentsCount" : 3,
    "shouldDisplayMessage" : true,
    "hasContent" : true
  },
  "afterStages" : [ ],
  "labels" : [ {
    "name" : "parentSuite",
    "value" : "test_proj"
  }, {
    "name" : "suite",
    "value" : "test_index_3"
  }, {
    "name" : "host",
    "value" : "fv-az74-824"
  }, {
    "name" : "thread",
    "value" : "3644-MainThread"
  }, {
    "name" : "framework",
    "value" : "pytest"
  }, {
    "name" : "language",
    "value" : "cpython3"
  }, {
    "name" : "package",
    "value" : "test_proj.test_index_3"
  }, {
    "name" : "resultFormat",
    "value" : "allure2"
  } ],
  "parameters" : [ ],
  "links" : [ ],
  "hidden" : false,
  "retry" : false,
  "extra" : {
    "severity" : "normal",
    "retries" : [ ],
    "categories" : [ {
      "name" : "Product defects",
      "matchedStatuses" : [ ],
      "flaky" : false
    } ],
    "history" : {
      "statistic" : {
        "failed" : 2,
        "broken" : 0,
        "skipped" : 0,
        "passed" : 0,
        "unknown" : 0,
        "total" : 2
      },
      "items" : [ {
        "uid" : "39cccb0a6f8614a2",
        "reportUrl" : "https://leeltib.github.io/conduit/12//#testresult/39cccb0a6f8614a2",
        "status" : "failed",
        "statusDetails" : "AssertionError: assert ['OK', 'FAIL'..., 'FAIL', ...] == ['OK', 'FAIL'..., 'FAIL', ...]\n  At index 2 diff: 'FAIL' != 'OK'\n  Use -v to get the full diff",
        "time" : {
          "start" : 1627313220099,
          "stop" : 1627313336989,
          "duration" : 116890
        }
      } ]
    },
    "tags" : [ ]
  },
  "source" : "3814e8dcf585b81f.json",
  "parameterValues" : [ ]
}