{
  "uid" : "78911e05e43228ff",
  "name" : "test_t_case009",
  "fullName" : "test_proj.test_index_3#test_t_case009",
  "historyId" : "11cfb2accc31c8646756c1ed9e0fff89",
  "time" : {
    "start" : 1627313036627,
    "stop" : 1627313250001,
    "duration" : 213374
  },
  "status" : "failed",
  "statusMessage" : "AssertionError: assert 23 == 10\n +  where 23 = <module 'test_tcA009' from '/home/runner/work/conduit/conduit/test_proj/test_tcA009.py'>.pages_blog_num",
  "statusTrace" : "def test_t_case009():\n        time.sleep(5)\n        import test_tcA009 as tc09\n>       assert tc09.pages_blog_num == 10\nE       AssertionError: assert 23 == 10\nE        +  where 23 = <module 'test_tcA009' from '/home/runner/work/conduit/conduit/test_proj/test_tcA009.py'>.pages_blog_num\n\ntest_proj/test_index_3.py:103: AssertionError",
  "flaky" : false,
  "newFailed" : false,
  "beforeStages" : [ ],
  "testStage" : {
    "status" : "failed",
    "statusMessage" : "AssertionError: assert 23 == 10\n +  where 23 = <module 'test_tcA009' from '/home/runner/work/conduit/conduit/test_proj/test_tcA009.py'>.pages_blog_num",
    "statusTrace" : "def test_t_case009():\n        time.sleep(5)\n        import test_tcA009 as tc09\n>       assert tc09.pages_blog_num == 10\nE       AssertionError: assert 23 == 10\nE        +  where 23 = <module 'test_tcA009' from '/home/runner/work/conduit/conduit/test_proj/test_tcA009.py'>.pages_blog_num\n\ntest_proj/test_index_3.py:103: AssertionError",
    "steps" : [ ],
    "attachments" : [ {
      "uid" : "33696d11a119dcb6",
      "name" : "log",
      "source" : "33696d11a119dcb6.txt",
      "type" : "text/plain",
      "size" : 344
    }, {
      "uid" : "38c796d09da76f2a",
      "name" : "stdout",
      "source" : "38c796d09da76f2a.txt",
      "type" : "text/plain",
      "size" : 2028
    }, {
      "uid" : "ad470ba6f53cd7ee",
      "name" : "stderr",
      "source" : "ad470ba6f53cd7ee.txt",
      "type" : "text/plain",
      "size" : 215
    } ],
    "parameters" : [ ],
    "stepsCount" : 0,
    "attachmentsCount" : 3,
    "shouldDisplayMessage" : true,
    "hasContent" : true
  },
  "afterStages" : [ ],
  "labels" : [ {
    "name" : "parentSuite",
    "value" : "test_proj"
  }, {
    "name" : "suite",
    "value" : "test_index_3"
  }, {
    "name" : "host",
    "value" : "fv-az74-824"
  }, {
    "name" : "thread",
    "value" : "3644-MainThread"
  }, {
    "name" : "framework",
    "value" : "pytest"
  }, {
    "name" : "language",
    "value" : "cpython3"
  }, {
    "name" : "package",
    "value" : "test_proj.test_index_3"
  }, {
    "name" : "resultFormat",
    "value" : "allure2"
  } ],
  "parameters" : [ ],
  "links" : [ ],
  "hidden" : false,
  "retry" : false,
  "extra" : {
    "severity" : "normal",
    "retries" : [ ],
    "categories" : [ {
      "name" : "Product defects",
      "matchedStatuses" : [ ],
      "flaky" : false
    } ],
    "history" : {
      "statistic" : {
        "failed" : 2,
        "broken" : 0,
        "skipped" : 0,
        "passed" : 0,
        "unknown" : 0,
        "total" : 2
      },
      "items" : [ {
        "uid" : "8cbf1f08f7f219e2",
        "reportUrl" : "https://leeltib.github.io/conduit/12//#testresult/8cbf1f08f7f219e2",
        "status" : "failed",
        "statusDetails" : "AssertionError: assert 23 == 10\n +  where 23 = <module 'test_tcA009' from '/home/runner/work/conduit/conduit/test_proj/test_tcA009.py'>.pages_blog_num",
        "time" : {
          "start" : 1627313008134,
          "stop" : 1627313220094,
          "duration" : 211960
        }
      } ]
    },
    "tags" : [ ]
  },
  "source" : "78911e05e43228ff.json",
  "parameterValues" : [ ]
}