{
  "uid" : "ba4664225d82ae7d",
  "name" : "test_t_case010",
  "fullName" : "test_proj.test_index_local#test_t_case010",
  "historyId" : "e37492e5d04c7817afaec66148ddb7da",
  "time" : {
    "start" : 1628006958869,
    "stop" : 1628007071308,
    "duration" : 112439
  },
  "status" : "failed",
  "statusMessage" : "AssertionError: assert ['OK', 'FAIL'..., 'FAIL', ...] == ['OK', 'FAIL'..., 'FAIL', ...]\n  At index 2 diff: 'FAIL' != 'OK'\n  Use -v to get the full diff",
  "statusTrace" : "def test_t_case010():\n        import test_tcA010 as tc10\n>       assert tc10.expect_valid == tc10.sign_up_valid_list\nE       AssertionError: assert ['OK', 'FAIL'..., 'FAIL', ...] == ['OK', 'FAIL'..., 'FAIL', ...]\nE         At index 2 diff: 'FAIL' != 'OK'\nE         Use -v to get the full diff\n\ntest_proj/test_index_local.py:151: AssertionError",
  "flaky" : false,
  "newFailed" : false,
  "beforeStages" : [ ],
  "testStage" : {
    "status" : "failed",
    "statusMessage" : "AssertionError: assert ['OK', 'FAIL'..., 'FAIL', ...] == ['OK', 'FAIL'..., 'FAIL', ...]\n  At index 2 diff: 'FAIL' != 'OK'\n  Use -v to get the full diff",
    "statusTrace" : "def test_t_case010():\n        import test_tcA010 as tc10\n>       assert tc10.expect_valid == tc10.sign_up_valid_list\nE       AssertionError: assert ['OK', 'FAIL'..., 'FAIL', ...] == ['OK', 'FAIL'..., 'FAIL', ...]\nE         At index 2 diff: 'FAIL' != 'OK'\nE         Use -v to get the full diff\n\ntest_proj/test_index_local.py:151: AssertionError",
    "steps" : [ ],
    "attachments" : [ {
      "uid" : "f51eb36a0ad174e5",
      "name" : "log",
      "source" : "f51eb36a0ad174e5.txt",
      "type" : "text/plain",
      "size" : 344
    }, {
      "uid" : "d83d190955744c23",
      "name" : "stdout",
      "source" : "d83d190955744c23.txt",
      "type" : "text/plain",
      "size" : 2106
    }, {
      "uid" : "d1fc99dbe3ca0db7",
      "name" : "stderr",
      "source" : "d1fc99dbe3ca0db7.txt",
      "type" : "text/plain",
      "size" : 215
    } ],
    "parameters" : [ ],
    "stepsCount" : 0,
    "attachmentsCount" : 3,
    "shouldDisplayMessage" : true,
    "hasContent" : true
  },
  "afterStages" : [ ],
  "labels" : [ {
    "name" : "parentSuite",
    "value" : "test_proj"
  }, {
    "name" : "suite",
    "value" : "test_index_local"
  }, {
    "name" : "host",
    "value" : "fv-az33-739"
  }, {
    "name" : "thread",
    "value" : "3688-MainThread"
  }, {
    "name" : "framework",
    "value" : "pytest"
  }, {
    "name" : "language",
    "value" : "cpython3"
  }, {
    "name" : "package",
    "value" : "test_proj.test_index_local"
  }, {
    "name" : "resultFormat",
    "value" : "allure2"
  } ],
  "parameters" : [ ],
  "links" : [ ],
  "hidden" : false,
  "retry" : false,
  "extra" : {
    "severity" : "normal",
    "retries" : [ ],
    "categories" : [ {
      "name" : "Product defects",
      "matchedStatuses" : [ ],
      "flaky" : false
    } ],
    "history" : {
      "statistic" : {
        "failed" : 2,
        "broken" : 0,
        "skipped" : 0,
        "passed" : 0,
        "unknown" : 0,
        "total" : 2
      },
      "items" : [ {
        "uid" : "34978f8ff0c6ec8d",
        "reportUrl" : "https://leeltib.github.io/conduit/2//#testresult/34978f8ff0c6ec8d",
        "status" : "failed",
        "statusDetails" : "AssertionError: assert ['OK', 'FAIL'..., 'FAIL', ...] == ['OK', 'FAIL'..., 'FAIL', ...]\n  At index 2 diff: 'FAIL' != 'OK'\n  Use -v to get the full diff",
        "time" : {
          "start" : 1628005688659,
          "stop" : 1628005801203,
          "duration" : 112544
        }
      } ]
    },
    "tags" : [ ]
  },
  "source" : "ba4664225d82ae7d.json",
  "parameterValues" : [ ]
}