{
  "uid" : "4225deed5e68df20",
  "name" : "test_t_case009",
  "fullName" : "test_proj.test_index_3#test_t_case009",
  "historyId" : "11cfb2accc31c8646756c1ed9e0fff89",
  "time" : {
    "start" : 1627655167609,
    "stop" : 1627655220638,
    "duration" : 53029
  },
  "status" : "failed",
  "statusMessage" : "AssertionError: assert 13 == 10\n +  where 13 = <module 'test_tcA009' from '/home/runner/work/conduit/conduit/test_proj/test_tcA009.py'>.pages_blog_num",
  "statusTrace" : "def test_t_case009():\n        time.sleep(5)\n        import test_tcA009 as tc09\n>       assert tc09.pages_blog_num == 10\nE       AssertionError: assert 13 == 10\nE        +  where 13 = <module 'test_tcA009' from '/home/runner/work/conduit/conduit/test_proj/test_tcA009.py'>.pages_blog_num\n\ntest_proj/test_index_3.py:106: AssertionError",
  "flaky" : false,
  "newFailed" : false,
  "beforeStages" : [ ],
  "testStage" : {
    "status" : "failed",
    "statusMessage" : "AssertionError: assert 13 == 10\n +  where 13 = <module 'test_tcA009' from '/home/runner/work/conduit/conduit/test_proj/test_tcA009.py'>.pages_blog_num",
    "statusTrace" : "def test_t_case009():\n        time.sleep(5)\n        import test_tcA009 as tc09\n>       assert tc09.pages_blog_num == 10\nE       AssertionError: assert 13 == 10\nE        +  where 13 = <module 'test_tcA009' from '/home/runner/work/conduit/conduit/test_proj/test_tcA009.py'>.pages_blog_num\n\ntest_proj/test_index_3.py:106: AssertionError",
    "steps" : [ ],
    "attachments" : [ {
      "uid" : "573d651ead23692d",
      "name" : "log",
      "source" : "573d651ead23692d.txt",
      "type" : "text/plain",
      "size" : 642
    }, {
      "uid" : "98dcb57e856715b",
      "name" : "stdout",
      "source" : "98dcb57e856715b.txt",
      "type" : "text/plain",
      "size" : 408
    }, {
      "uid" : "6eda9ff34cbd7d2c",
      "name" : "stderr",
      "source" : "6eda9ff34cbd7d2c.txt",
      "type" : "text/plain",
      "size" : 435
    } ],
    "parameters" : [ ],
    "stepsCount" : 0,
    "attachmentsCount" : 3,
    "shouldDisplayMessage" : true,
    "hasContent" : true
  },
  "afterStages" : [ ],
  "labels" : [ {
    "name" : "parentSuite",
    "value" : "test_proj"
  }, {
    "name" : "suite",
    "value" : "test_index_3"
  }, {
    "name" : "host",
    "value" : "fv-az74-58"
  }, {
    "name" : "thread",
    "value" : "3674-MainThread"
  }, {
    "name" : "framework",
    "value" : "pytest"
  }, {
    "name" : "language",
    "value" : "cpython3"
  }, {
    "name" : "package",
    "value" : "test_proj.test_index_3"
  }, {
    "name" : "resultFormat",
    "value" : "allure2"
  } ],
  "parameters" : [ ],
  "links" : [ ],
  "hidden" : false,
  "retry" : false,
  "extra" : {
    "severity" : "normal",
    "retries" : [ ],
    "categories" : [ {
      "name" : "Product defects",
      "matchedStatuses" : [ ],
      "flaky" : false
    } ],
    "tags" : [ ]
  },
  "source" : "4225deed5e68df20.json",
  "parameterValues" : [ ]
}