{
  "uid" : "b438a4ed3fe101d8",
  "name" : "test_t_case009",
  "fullName" : "test_proj.test_index_3#test_t_case009",
  "historyId" : "11cfb2accc31c8646756c1ed9e0fff89",
  "time" : {
    "start" : 1627478255300,
    "stop" : 1627478306202,
    "duration" : 50902
  },
  "status" : "failed",
  "statusMessage" : "AssertionError: assert 13 == 10\n +  where 13 = <module 'test_tcA009' from '/home/runner/work/conduit/conduit/test_proj/test_tcA009.py'>.pages_blog_num",
  "statusTrace" : "def test_t_case009():\n        time.sleep(5)\n        import test_tcA009 as tc09\n>       assert tc09.pages_blog_num == 10\nE       AssertionError: assert 13 == 10\nE        +  where 13 = <module 'test_tcA009' from '/home/runner/work/conduit/conduit/test_proj/test_tcA009.py'>.pages_blog_num\n\ntest_proj/test_index_3.py:106: AssertionError",
  "flaky" : false,
  "newFailed" : false,
  "beforeStages" : [ ],
  "testStage" : {
    "status" : "failed",
    "statusMessage" : "AssertionError: assert 13 == 10\n +  where 13 = <module 'test_tcA009' from '/home/runner/work/conduit/conduit/test_proj/test_tcA009.py'>.pages_blog_num",
    "statusTrace" : "def test_t_case009():\n        time.sleep(5)\n        import test_tcA009 as tc09\n>       assert tc09.pages_blog_num == 10\nE       AssertionError: assert 13 == 10\nE        +  where 13 = <module 'test_tcA009' from '/home/runner/work/conduit/conduit/test_proj/test_tcA009.py'>.pages_blog_num\n\ntest_proj/test_index_3.py:106: AssertionError",
    "steps" : [ ],
    "attachments" : [ {
      "uid" : "9a6b4d251f097ada",
      "name" : "log",
      "source" : "9a6b4d251f097ada.txt",
      "type" : "text/plain",
      "size" : 344
    }, {
      "uid" : "242cca4e4facc3ff",
      "name" : "stdout",
      "source" : "242cca4e4facc3ff.txt",
      "type" : "text/plain",
      "size" : 408
    }, {
      "uid" : "ce50757d59b657fa",
      "name" : "stderr",
      "source" : "ce50757d59b657fa.txt",
      "type" : "text/plain",
      "size" : 215
    } ],
    "parameters" : [ ],
    "stepsCount" : 0,
    "attachmentsCount" : 3,
    "shouldDisplayMessage" : true,
    "hasContent" : true
  },
  "afterStages" : [ ],
  "labels" : [ {
    "name" : "parentSuite",
    "value" : "test_proj"
  }, {
    "name" : "suite",
    "value" : "test_index_3"
  }, {
    "name" : "host",
    "value" : "fv-az36-928"
  }, {
    "name" : "thread",
    "value" : "3938-MainThread"
  }, {
    "name" : "framework",
    "value" : "pytest"
  }, {
    "name" : "language",
    "value" : "cpython3"
  }, {
    "name" : "package",
    "value" : "test_proj.test_index_3"
  }, {
    "name" : "resultFormat",
    "value" : "allure2"
  } ],
  "parameters" : [ ],
  "links" : [ ],
  "hidden" : false,
  "retry" : false,
  "extra" : {
    "severity" : "normal",
    "retries" : [ ],
    "categories" : [ {
      "name" : "Product defects",
      "matchedStatuses" : [ ],
      "flaky" : false
    } ],
    "history" : {
      "statistic" : {
        "failed" : 4,
        "broken" : 0,
        "skipped" : 0,
        "passed" : 0,
        "unknown" : 0,
        "total" : 4
      },
      "items" : [ {
        "uid" : "71c634135e16f4ff",
        "reportUrl" : "https://leeltib.github.io/conduit/14//#testresult/71c634135e16f4ff",
        "status" : "failed",
        "statusDetails" : "AssertionError: assert 13 == 10\n +  where 13 = <module 'test_tcA009' from '/home/runner/work/conduit/conduit/test_proj/test_tcA009.py'>.pages_blog_num",
        "time" : {
          "start" : 1627478159149,
          "stop" : 1627478210005,
          "duration" : 50856
        }
      }, {
        "uid" : "78911e05e43228ff",
        "reportUrl" : "https://leeltib.github.io/conduit/13//#testresult/78911e05e43228ff",
        "status" : "failed",
        "statusDetails" : "AssertionError: assert 23 == 10\n +  where 23 = <module 'test_tcA009' from '/home/runner/work/conduit/conduit/test_proj/test_tcA009.py'>.pages_blog_num",
        "time" : {
          "start" : 1627313036627,
          "stop" : 1627313250001,
          "duration" : 213374
        }
      }, {
        "uid" : "8cbf1f08f7f219e2",
        "reportUrl" : "https://leeltib.github.io/conduit/12//#testresult/8cbf1f08f7f219e2",
        "status" : "failed",
        "statusDetails" : "AssertionError: assert 23 == 10\n +  where 23 = <module 'test_tcA009' from '/home/runner/work/conduit/conduit/test_proj/test_tcA009.py'>.pages_blog_num",
        "time" : {
          "start" : 1627313008134,
          "stop" : 1627313220094,
          "duration" : 211960
        }
      } ]
    },
    "tags" : [ ]
  },
  "source" : "b438a4ed3fe101d8.json",
  "parameterValues" : [ ]
}